
Showing logs for build [32mcb-kubecd-environment-pr-165-1-htq8c-1[0m stage [32mfrom-build-pack[0m and container [32mstep-credential-initializer-8j5z5[0m
{"level":"warn","ts":1582341771.470991,"logger":"fallback-logger","caller":"logging/config.go:69","msg":"Fetch GitHub commit ID from kodata failed: \"ref: refs/heads/0.8.0-**-support-backwards-incompats\" is not a valid GitHub commit ID"}
{"level":"info","ts":1582341771.4714744,"logger":"fallback-logger","caller":"creds-init/main.go:40","msg":"Credentials initialized."}

Showing logs for build [32mcb-kubecd-environment-pr-165-1-htq8c-1[0m stage [32mfrom-build-pack[0m and container [32mstep-working-dir-initializer-2hfl2[0m
{"level":"warn","ts":1582341772.4628122,"logger":"fallback-logger","caller":"logging/config.go:69","msg":"Fetch GitHub commit ID from kodata failed: open /var/run/ko/HEAD: no such file or directory"}
{"level":"info","ts":1582341772.463948,"logger":"fallback-logger","caller":"bash/main.go:64","msg":"Successfully executed command \"sh -c mkdir -p /workspace/source\"; output "}

Showing logs for build [32mcb-kubecd-environment-pr-165-1-htq8c-1[0m stage [32mfrom-build-pack[0m and container [32mstep-place-tools[0m

Showing logs for build [32mcb-kubecd-environment-pr-165-1-htq8c-1[0m stage [32mfrom-build-pack[0m and container [32mstep-git-source-cb-kubecd-environment-pr-165-1-htq8c-m4p7g[0m
{"level":"warn","ts":1582341776.6335027,"logger":"fallback-logger","caller":"logging/config.go:69","msg":"Fetch GitHub commit ID from kodata failed: \"ref: refs/heads/0.8.0-**-support-backwards-incompats\" is not a valid GitHub commit ID"}
{"level":"info","ts":1582341777.726436,"logger":"fallback-logger","caller":"git/git.go:103","msg":"Successfully cloned https://github.com/cb-kubecd/environment-pr-165-1-boot-gke-staging.git @ master in path /workspace/source"}

Showing logs for build [32mcb-kubecd-environment-pr-165-1-htq8c-1[0m stage [32mfrom-build-pack[0m and container [32mstep-git-merge[0m
Using SHAs from PULL_REFS=master:6c28bee8b5a6077d20dc70d78c57f87bb33db75d,5:ce8310a85c5a2a6d615f11530af8744ea24de1cc
DEBUG: LC_ALL=C JX_LOG_LEVEL=error git fetch origin --unshallow ce8310a85c5a2a6d615f11530af8744ea24de1cc: 6c28bee8b5a6077d20dc70d78c57f87bb33db75d:
DEBUG: ran git fetch --unshallow origin ce8310a85c5a2a6d615f11530af8744ea24de1cc: 6c28bee8b5a6077d20dc70d78c57f87bb33db75d: in 
DEBUG: LC_ALL=C JX_LOG_LEVEL=error git branch
DEBUG: LC_ALL=C JX_LOG_LEVEL=error git checkout master
DEBUG: ran git checkout master in 
DEBUG: JX_LOG_LEVEL=error LC_ALL=C git reset --hard 6c28bee8b5a6077d20dc70d78c57f87bb33db75d
DEBUG: ran git reset --hard 6c28bee8b5a6077d20dc70d78c57f87bb33db75d in 
DEBUG: JX_LOG_LEVEL=error LC_ALL=C git clean -fd .
DEBUG: ran clean --force -d . in 
DEBUG: LC_ALL=C JX_LOG_LEVEL=error git merge ce8310a85c5a2a6d615f11530af8744ea24de1cc
DEBUG: ran git merge ce8310a85c5a2a6d615f11530af8744ea24de1cc in 
DEBUG: LC_ALL=C JX_LOG_LEVEL=error git log --format=%H%x1f%an%x1f%ae%x1f%cn%x1f%ce%x1f%s%n%b%x1e 6c28bee8b5a6077d20dc70d78c57f87bb33db75d..HEAD
Merged SHA ce8310a85c5a2a6d615f11530af8744ea24de1cc with commit message 'chore: Promote bdd-ghf**y-import-1582341607 to version 0.0.1' into base branch master

Showing logs for build [32mcb-kubecd-environment-pr-165-1-htq8c-1[0m stage [32mfrom-build-pack[0m and container [32mstep-build-helm-build[0m
WARNING: No $CHART_REPOSITORY defined so using the default value of: http://jenkins-x-chartmuseum:8080
Adding missing Helm repo: storage.googleapis.com https://storage.googleapis.com/chartmuseum.jenkins-x.io
WARNING: No secrets found on "helm/repos" due: reading the secret "helm/repos" from vault: no secret "helm/repos" not found in vault
Read credentials for https://storage.googleapis.com/chartmuseum.jenkins-x.io from vault helm/repos
Successfully added Helm repository storage.googleapis.com.
Adding missing Helm repo: jenkins-x-chartmuseum http://jenkins-x-chartmuseum:8080
WARNING: No secrets found on "helm/repos" due: reading the secret "helm/repos" from vault: no secret "helm/repos" not found in vault
Read credentials for http://jenkins-x-chartmuseum:8080 from vault helm/repos
Successfully added Helm repository jenkins-x-chartmuseum.
WARNING: No $CHART_REPOSITORY defined so using the default value of: http://jenkins-x-chartmuseum:8080
Adding missing Helm repo: chartmuseum.jenkins-x.io http://chartmuseum.jenkins-x.io
WARNING: No secrets found on "helm/repos" due: reading the secret "helm/repos" from vault: no secret "helm/repos" not found in vault
Read credentials for http://chartmuseum.jenkins-x.io from vault helm/repos
Successfully added Helm repository chartmuseum.jenkins-x.io.
