
Showing logs for build [32mcb-kubecd-environment-pr-165-1-4ct59-1[0m stage [32mfrom-build-pack[0m and container [32mstep-credential-initializer-bc7x2[0m
{"level":"warn","ts":1582340220.0881376,"logger":"fallback-logger","caller":"logging/config.go:69","msg":"Fetch GitHub commit ID from kodata failed: \"ref: refs/heads/0.8.0-**-support-backwards-incompats\" is not a valid GitHub commit ID"}
{"level":"info","ts":1582340220.0892494,"logger":"fallback-logger","caller":"creds-init/main.go:40","msg":"Credentials initialized."}

Showing logs for build [32mcb-kubecd-environment-pr-165-1-4ct59-1[0m stage [32mfrom-build-pack[0m and container [32mstep-working-dir-initializer-d468l[0m
{"level":"warn","ts":1582340220.9242704,"logger":"fallback-logger","caller":"logging/config.go:69","msg":"Fetch GitHub commit ID from kodata failed: open /var/run/ko/HEAD: no such file or directory"}
{"level":"info","ts":1582340220.928257,"logger":"fallback-logger","caller":"bash/main.go:64","msg":"Successfully executed command \"sh -c mkdir -p /workspace/source\"; output "}

Showing logs for build [32mcb-kubecd-environment-pr-165-1-4ct59-1[0m stage [32mfrom-build-pack[0m and container [32mstep-place-tools[0m

Showing logs for build [32mcb-kubecd-environment-pr-165-1-4ct59-1[0m stage [32mfrom-build-pack[0m and container [32mstep-git-source-cb-kubecd-environment-pr-165-1-4ct59-w4wjq[0m
{"level":"warn","ts":1582340226.1603856,"logger":"fallback-logger","caller":"logging/config.go:69","msg":"Fetch GitHub commit ID from kodata failed: \"ref: refs/heads/0.8.0-**-support-backwards-incompats\" is not a valid GitHub commit ID"}
{"level":"info","ts":1582340227.1798913,"logger":"fallback-logger","caller":"git/git.go:103","msg":"Successfully cloned https://github.com/cb-kubecd/environment-pr-165-1-boot-gke-staging.git @ master in path /workspace/source"}

Showing logs for build [32mcb-kubecd-environment-pr-165-1-4ct59-1[0m stage [32mfrom-build-pack[0m and container [32mstep-git-merge[0m
Using SHAs from PULL_REFS=master:3632b3e3e4c747c86744d4cfc1207bc4a21a3ffd,3:b39fbb985559fbce2f7b4efbd56758781b5e46f0
DEBUG: LC_ALL=C JX_LOG_LEVEL=error git fetch origin --unshallow b39fbb985559fbce2f7b4efbd56758781b5e46f0: 3632b3e3e4c747c86744d4cfc1207bc4a21a3ffd:
DEBUG: ran git fetch --unshallow origin b39fbb985559fbce2f7b4efbd56758781b5e46f0: 3632b3e3e4c747c86744d4cfc1207bc4a21a3ffd: in 
DEBUG: LC_ALL=C JX_LOG_LEVEL=error git branch
DEBUG: LC_ALL=C JX_LOG_LEVEL=error git checkout master
DEBUG: ran git checkout master in 
DEBUG: LC_ALL=C JX_LOG_LEVEL=error git reset --hard 3632b3e3e4c747c86744d4cfc1207bc4a21a3ffd
DEBUG: ran git reset --hard 3632b3e3e4c747c86744d4cfc1207bc4a21a3ffd in 
DEBUG: LC_ALL=C JX_LOG_LEVEL=error git clean -fd .
DEBUG: ran clean --force -d . in 
DEBUG: LC_ALL=C JX_LOG_LEVEL=error git merge b39fbb985559fbce2f7b4efbd56758781b5e46f0
DEBUG: ran git merge b39fbb985559fbce2f7b4efbd56758781b5e46f0 in 
DEBUG: JX_LOG_LEVEL=error LC_ALL=C git log --format=%H%x1f%an%x1f%ae%x1f%cn%x1f%ce%x1f%s%n%b%x1e 3632b3e3e4c747c86744d4cfc1207bc4a21a3ffd..HEAD
Merged SHA b39fbb985559fbce2f7b4efbd56758781b5e46f0 with commit message 'chore: Promote bdd-sbhg-1582339296 to version 0.0.1' into base branch master

Showing logs for build [32mcb-kubecd-environment-pr-165-1-4ct59-1[0m stage [32mfrom-build-pack[0m and container [32mstep-build-helm-build[0m
WARNING: No $CHART_REPOSITORY defined so using the default value of: http://jenkins-x-chartmuseum:8080
Adding missing Helm repo: storage.googleapis.com https://storage.googleapis.com/chartmuseum.jenkins-x.io
WARNING: No secrets found on "helm/repos" due: reading the secret "helm/repos" from vault: no secret "helm/repos" not found in vault
Read credentials for https://storage.googleapis.com/chartmuseum.jenkins-x.io from vault helm/repos
Successfully added Helm repository storage.googleapis.com.
Adding missing Helm repo: jenkins-x-chartmuseum http://jenkins-x-chartmuseum:8080
WARNING: No secrets found on "helm/repos" due: reading the secret "helm/repos" from vault: no secret "helm/repos" not found in vault
Read credentials for http://jenkins-x-chartmuseum:8080 from vault helm/repos
Successfully added Helm repository jenkins-x-chartmuseum.
WARNING: No $CHART_REPOSITORY defined so using the default value of: http://jenkins-x-chartmuseum:8080
Adding missing Helm repo: chartmuseum.jenkins-x.io http://chartmuseum.jenkins-x.io
WARNING: No secrets found on "helm/repos" due: reading the secret "helm/repos" from vault: no secret "helm/repos" not found in vault
Read credentials for http://chartmuseum.jenkins-x.io from vault helm/repos
Successfully added Helm repository chartmuseum.jenkins-x.io.
