
Showing logs for build [32mcb-kubecd-environment-pr-165-1-qf5rz-1[0m stage [32mfrom-build-pack[0m and container [32mstep-credential-initializer-qks86[0m
{"level":"warn","ts":1582341118.826049,"logger":"fallback-logger","caller":"logging/config.go:69","msg":"Fetch GitHub commit ID from kodata failed: \"ref: refs/heads/0.8.0-**-support-backwards-incompats\" is not a valid GitHub commit ID"}
{"level":"info","ts":1582341118.826939,"logger":"fallback-logger","caller":"creds-init/main.go:40","msg":"Credentials initialized."}

Showing logs for build [32mcb-kubecd-environment-pr-165-1-qf5rz-1[0m stage [32mfrom-build-pack[0m and container [32mstep-working-dir-initializer-5xwpq[0m
{"level":"warn","ts":1582341119.5582073,"logger":"fallback-logger","caller":"logging/config.go:69","msg":"Fetch GitHub commit ID from kodata failed: open /var/run/ko/HEAD: no such file or directory"}
{"level":"info","ts":1582341119.5599916,"logger":"fallback-logger","caller":"bash/main.go:64","msg":"Successfully executed command \"sh -c mkdir -p /workspace/source\"; output "}

Showing logs for build [32mcb-kubecd-environment-pr-165-1-qf5rz-1[0m stage [32mfrom-build-pack[0m and container [32mstep-place-tools[0m

Showing logs for build [32mcb-kubecd-environment-pr-165-1-qf5rz-1[0m stage [32mfrom-build-pack[0m and container [32mstep-git-source-cb-kubecd-environment-pr-165-1-qf5rz-bvkd4[0m
{"level":"warn","ts":1582341123.7280912,"logger":"fallback-logger","caller":"logging/config.go:69","msg":"Fetch GitHub commit ID from kodata failed: \"ref: refs/heads/0.8.0-**-support-backwards-incompats\" is not a valid GitHub commit ID"}
{"level":"info","ts":1582341124.8565447,"logger":"fallback-logger","caller":"git/git.go:103","msg":"Successfully cloned https://github.com/cb-kubecd/environment-pr-165-1-boot-gke-staging.git @ master in path /workspace/source"}

Showing logs for build [32mcb-kubecd-environment-pr-165-1-qf5rz-1[0m stage [32mfrom-build-pack[0m and container [32mstep-git-merge[0m
Using SHAs from PULL_REFS=master:c804b2ca3b287351e9dc87197e36315a3cbea94f,4:dad6a9f142357968ac34bd31c3f8e2177bd6c542
DEBUG: JX_LOG_LEVEL=error LC_ALL=C git fetch origin --unshallow dad6a9f142357968ac34bd31c3f8e2177bd6c542: c804b2ca3b287351e9dc87197e36315a3cbea94f:
DEBUG: ran git fetch --unshallow origin dad6a9f142357968ac34bd31c3f8e2177bd6c542: c804b2ca3b287351e9dc87197e36315a3cbea94f: in 
DEBUG: LC_ALL=C JX_LOG_LEVEL=error git branch
DEBUG: LC_ALL=C JX_LOG_LEVEL=error git checkout master
DEBUG: ran git checkout master in 
DEBUG: LC_ALL=C JX_LOG_LEVEL=error git reset --hard c804b2ca3b287351e9dc87197e36315a3cbea94f
DEBUG: ran git reset --hard c804b2ca3b287351e9dc87197e36315a3cbea94f in 
DEBUG: JX_LOG_LEVEL=error LC_ALL=C git clean -fd .
DEBUG: ran clean --force -d . in 
DEBUG: LC_ALL=C JX_LOG_LEVEL=error git merge dad6a9f142357968ac34bd31c3f8e2177bd6c542
DEBUG: ran git merge dad6a9f142357968ac34bd31c3f8e2177bd6c542 in 
DEBUG: LC_ALL=C JX_LOG_LEVEL=error git log --format=%H%x1f%an%x1f%ae%x1f%cn%x1f%ce%x1f%s%n%b%x1e c804b2ca3b287351e9dc87197e36315a3cbea94f..HEAD
Merged SHA dad6a9f142357968ac34bd31c3f8e2177bd6c542 with commit message 'chore: Promote bdd-gh-1582339296 to version 0.0.1' into base branch master

Showing logs for build [32mcb-kubecd-environment-pr-165-1-qf5rz-1[0m stage [32mfrom-build-pack[0m and container [32mstep-build-helm-build[0m
WARNING: No $CHART_REPOSITORY defined so using the default value of: http://jenkins-x-chartmuseum:8080
Adding missing Helm repo: storage.googleapis.com https://storage.googleapis.com/chartmuseum.jenkins-x.io
WARNING: No secrets found on "helm/repos" due: reading the secret "helm/repos" from vault: no secret "helm/repos" not found in vault
Read credentials for https://storage.googleapis.com/chartmuseum.jenkins-x.io from vault helm/repos
Successfully added Helm repository storage.googleapis.com.
Adding missing Helm repo: jenkins-x-chartmuseum http://jenkins-x-chartmuseum:8080
WARNING: No secrets found on "helm/repos" due: reading the secret "helm/repos" from vault: no secret "helm/repos" not found in vault
Read credentials for http://jenkins-x-chartmuseum:8080 from vault helm/repos
Successfully added Helm repository jenkins-x-chartmuseum.
WARNING: No $CHART_REPOSITORY defined so using the default value of: http://jenkins-x-chartmuseum:8080
Adding missing Helm repo: chartmuseum.jenkins-x.io http://chartmuseum.jenkins-x.io
WARNING: No secrets found on "helm/repos" due: reading the secret "helm/repos" from vault: no secret "helm/repos" not found in vault
Read credentials for http://chartmuseum.jenkins-x.io from vault helm/repos
Successfully added Helm repository chartmuseum.jenkins-x.io.
